[2023-12-02 17:41:30] local.ERROR: file_get_contents(https://gremir.ru/wa-data/public/shop/products/47/61/36147/images/6012/6012.970.jpg): failed to open stream: HTTP request failed! HTTP/1.1 503 Service Unavailable
  
[2023-12-02 17:41:30] local.ERROR: #0 [internal function]: Illuminate\Foundation\Bootstrap\HandleExceptions->handleError()
#1 /home/vovan4a/Funky/armaseti/armaseti-git/app/Traits/ParseFunctions.php(165): file_get_contents()
#2 /home/vovan4a/Funky/armaseti/armaseti-git/app/Console/Commands/ParseProducts.php(555): App\Console\Commands\ParseProducts->downloadJpgFile()
#3 /home/vovan4a/Funky/armaseti/armaseti-git/app/Console/Commands/ParseProducts.php(503): App\Console\Commands\ParseProducts->uploadProductImage()
#4 /home/vovan4a/Funky/armaseti/armaseti-git/vendor/symfony/dom-crawler/Crawler.php(358): App\Console\Commands\ParseProducts->App\Console\Commands\{closure}()
#5 /home/vovan4a/Funky/armaseti/armaseti-git/app/Console/Commands/ParseProducts.php(504): Symfony\Component\DomCrawler\Crawler->each()
#6 /home/vovan4a/Funky/armaseti/armaseti-git/app/Console/Commands/ParseProducts.php(199): App\Console\Commands\ParseProducts->parseProduct()
#7 /home/vovan4a/Funky/armaseti/armaseti-git/vendor/symfony/dom-crawler/Crawler.php(358): App\Console\Commands\ParseProducts->App\Console\Commands\{closure}()
#8 /home/vovan4a/Funky/armaseti/armaseti-git/app/Console/Commands/ParseProducts.php(201): Symfony\Component\DomCrawler\Crawler->each()
#9 /home/vovan4a/Funky/armaseti/armaseti-git/vendor/symfony/dom-crawler/Crawler.php(358): App\Console\Commands\ParseProducts->App\Console\Commands\{closure}()
#10 /home/vovan4a/Funky/armaseti/armaseti-git/app/Console/Commands/ParseProducts.php(217): Symfony\Component\DomCrawler\Crawler->each()
#11 /home/vovan4a/Funky/armaseti/armaseti-git/app/Console/Commands/ParseProducts.php(57): App\Console\Commands\ParseProducts->parseCatalog()
#12 /home/vovan4a/Funky/armaseti/armaseti-git/vendor/laravel/framework/src/Illuminate/Container/BoundMethod.php(36): App\Console\Commands\ParseProducts->handle()
#13 /home/vovan4a/Funky/armaseti/armaseti-git/vendor/laravel/framework/src/Illuminate/Container/Util.php(37): Illuminate\Container\BoundMethod::Illuminate\Container\{closure}()
#14 /home/vovan4a/Funky/armaseti/armaseti-git/vendor/laravel/framework/src/Illuminate/Container/BoundMethod.php(93): Illuminate\Container\Util::unwrapIfClosure()
#15 /home/vovan4a/Funky/armaseti/armaseti-git/vendor/laravel/framework/src/Illuminate/Container/BoundMethod.php(37): Illuminate\Container\BoundMethod::callBoundMethod()
#16 /home/vovan4a/Funky/armaseti/armaseti-git/vendor/laravel/framework/src/Illuminate/Container/Container.php(596): Illuminate\Container\BoundMethod::call()
#17 /home/vovan4a/Funky/armaseti/armaseti-git/vendor/laravel/framework/src/Illuminate/Console/Command.php(134): Illuminate\Container\Container->call()
#18 /home/vovan4a/Funky/armaseti/armaseti-git/vendor/symfony/console/Command/Command.php(298): Illuminate\Console\Command->execute()
#19 /home/vovan4a/Funky/armaseti/armaseti-git/vendor/laravel/framework/src/Illuminate/Console/Command.php(121): Symfony\Component\Console\Command\Command->run()
#20 /home/vovan4a/Funky/armaseti/armaseti-git/vendor/symfony/console/Application.php(1040): Illuminate\Console\Command->run()
#21 /home/vovan4a/Funky/armaseti/armaseti-git/vendor/symfony/console/Application.php(301): Symfony\Component\Console\Application->doRunCommand()
#22 /home/vovan4a/Funky/armaseti/armaseti-git/vendor/symfony/console/Application.php(171): Symfony\Component\Console\Application->doRun()
#23 /home/vovan4a/Funky/armaseti/armaseti-git/vendor/laravel/framework/src/Illuminate/Console/Application.php(93): Symfony\Component\Console\Application->run()
#24 /home/vovan4a/Funky/armaseti/armaseti-git/vendor/laravel/framework/src/Illuminate/Foundation/Console/Kernel.php(129): Illuminate\Console\Application->run()
#25 /home/vovan4a/Funky/armaseti/armaseti-git/artisan(35): Illuminate\Foundation\Console\Kernel->handle()
#26 {main}  
[2023-12-02 19:36:40] local.ERROR: Trying to get property 'alias' of non-object  
[2023-12-02 19:36:40] local.ERROR: #0 /home/vovan4a/Funky/armaseti/armaseti-git/app/Console/Commands/ParseProducts.php(568): Illuminate\Foundation\Bootstrap\HandleExceptions->handleError()
#1 /home/vovan4a/Funky/armaseti/armaseti-git/vendor/symfony/dom-crawler/Crawler.php(358): App\Console\Commands\ParseProducts->App\Console\Commands\{closure}()
#2 /home/vovan4a/Funky/armaseti/armaseti-git/app/Console/Commands/ParseProducts.php(586): Symfony\Component\DomCrawler\Crawler->each()
#3 /home/vovan4a/Funky/armaseti/armaseti-git/app/Console/Commands/ParseProducts.php(238): App\Console\Commands\ParseProducts->updateProduct()
#4 /home/vovan4a/Funky/armaseti/armaseti-git/vendor/symfony/dom-crawler/Crawler.php(358): App\Console\Commands\ParseProducts->App\Console\Commands\{closure}()
#5 /home/vovan4a/Funky/armaseti/armaseti-git/app/Console/Commands/ParseProducts.php(240): Symfony\Component\DomCrawler\Crawler->each()
#6 /home/vovan4a/Funky/armaseti/armaseti-git/app/Console/Commands/ParseProducts.php(197): App\Console\Commands\ParseProducts->parseCatalog()
#7 /home/vovan4a/Funky/armaseti/armaseti-git/vendor/symfony/dom-crawler/Crawler.php(358): App\Console\Commands\ParseProducts->App\Console\Commands\{closure}()
#8 /home/vovan4a/Funky/armaseti/armaseti-git/app/Console/Commands/ParseProducts.php(199): Symfony\Component\DomCrawler\Crawler->each()
#9 /home/vovan4a/Funky/armaseti/armaseti-git/app/Console/Commands/ParseProducts.php(197): App\Console\Commands\ParseProducts->parseCatalog()
#10 /home/vovan4a/Funky/armaseti/armaseti-git/vendor/symfony/dom-crawler/Crawler.php(358): App\Console\Commands\ParseProducts->App\Console\Commands\{closure}()
#11 /home/vovan4a/Funky/armaseti/armaseti-git/app/Console/Commands/ParseProducts.php(199): Symfony\Component\DomCrawler\Crawler->each()
#12 /home/vovan4a/Funky/armaseti/armaseti-git/app/Console/Commands/ParseProducts.php(197): App\Console\Commands\ParseProducts->parseCatalog()
#13 /home/vovan4a/Funky/armaseti/armaseti-git/vendor/symfony/dom-crawler/Crawler.php(358): App\Console\Commands\ParseProducts->App\Console\Commands\{closure}()
#14 /home/vovan4a/Funky/armaseti/armaseti-git/app/Console/Commands/ParseProducts.php(199): Symfony\Component\DomCrawler\Crawler->each()
#15 /home/vovan4a/Funky/armaseti/armaseti-git/app/Console/Commands/ParseProducts.php(61): App\Console\Commands\ParseProducts->parseCatalog()
#16 /home/vovan4a/Funky/armaseti/armaseti-git/vendor/laravel/framework/src/Illuminate/Container/BoundMethod.php(36): App\Console\Commands\ParseProducts->handle()
#17 /home/vovan4a/Funky/armaseti/armaseti-git/vendor/laravel/framework/src/Illuminate/Container/Util.php(37): Illuminate\Container\BoundMethod::Illuminate\Container\{closure}()
#18 /home/vovan4a/Funky/armaseti/armaseti-git/vendor/laravel/framework/src/Illuminate/Container/BoundMethod.php(93): Illuminate\Container\Util::unwrapIfClosure()
#19 /home/vovan4a/Funky/armaseti/armaseti-git/vendor/laravel/framework/src/Illuminate/Container/BoundMethod.php(37): Illuminate\Container\BoundMethod::callBoundMethod()
#20 /home/vovan4a/Funky/armaseti/armaseti-git/vendor/laravel/framework/src/Illuminate/Container/Container.php(596): Illuminate\Container\BoundMethod::call()
#21 /home/vovan4a/Funky/armaseti/armaseti-git/vendor/laravel/framework/src/Illuminate/Console/Command.php(134): Illuminate\Container\Container->call()
#22 /home/vovan4a/Funky/armaseti/armaseti-git/vendor/symfony/console/Command/Command.php(298): Illuminate\Console\Command->execute()
#23 /home/vovan4a/Funky/armaseti/armaseti-git/vendor/laravel/framework/src/Illuminate/Console/Command.php(121): Symfony\Component\Console\Command\Command->run()
#24 /home/vovan4a/Funky/armaseti/armaseti-git/vendor/symfony/console/Application.php(1040): Illuminate\Console\Command->run()
#25 /home/vovan4a/Funky/armaseti/armaseti-git/vendor/symfony/console/Application.php(301): Symfony\Component\Console\Application->doRunCommand()
#26 /home/vovan4a/Funky/armaseti/armaseti-git/vendor/symfony/console/Application.php(171): Symfony\Component\Console\Application->doRun()
#27 /home/vovan4a/Funky/armaseti/armaseti-git/vendor/laravel/framework/src/Illuminate/Console/Application.php(93): Symfony\Component\Console\Application->run()
#28 /home/vovan4a/Funky/armaseti/armaseti-git/vendor/laravel/framework/src/Illuminate/Foundation/Console/Kernel.php(129): Illuminate\Console\Application->run()
#29 /home/vovan4a/Funky/armaseti/armaseti-git/artisan(35): Illuminate\Foundation\Console\Kernel->handle()
#30 {main}  
